<?xml version="1.0" encoding="UTF-8"?>
<!-- Generated by org.testng.reporters.JUnitReportReporter -->
<testsuite hostname="DESKTOP-SFQQR9U" failures="0" tests="1" name="runner.CucumberRunnerClass" time="8.700" errors="0" timestamp="2024-07-12T21:34:30 IST" skipped="0">
  <testcase classname="runner.CucumberRunnerClass" name="runScenario" time="8.700"/>
  <system-out/>
</testsuite> <!-- runner.CucumberRunnerClass -->
